  [1m[35m (0.5ms)[0m  [1m[35mCREATE TABLE "schema_migrations" ("version" varchar NOT NULL PRIMARY KEY)[0m
  [1m[35m (0.3ms)[0m  [1m[35mCREATE TABLE "ar_internal_metadata" ("key" varchar NOT NULL PRIMARY KEY, "value" varchar, "created_at" datetime(6) NOT NULL, "updated_at" datetime(6) NOT NULL)[0m
  [1m[36mActiveRecord::SchemaMigration Pluck (0.1ms)[0m  [1m[34mSELECT "schema_migrations"."version" FROM "schema_migrations" ORDER BY "schema_migrations"."version" ASC[0m
Migrating to CreateStudents (20220922063958)
  [1m[36mTRANSACTION (0.0ms)[0m  [1m[36mbegin transaction[0m
  [1m[35m (0.1ms)[0m  [1m[35mCREATE TABLE "students" ("id" integer PRIMARY KEY AUTOINCREMENT NOT NULL, "name" varchar, "dob" date, "student_no" varchar, "class_year" integer, "created_at" datetime(6) NOT NULL, "updated_at" datetime(6) NOT NULL)[0m
  [1m[36mActiveRecord::SchemaMigration Create (0.0ms)[0m  [1m[32mINSERT INTO "schema_migrations" ("version") VALUES (?)[0m  [["version", "20220922063958"]]
  [1m[36mTRANSACTION (0.2ms)[0m  [1m[36mcommit transaction[0m
Migrating to CreateScores (20220922064005)
  [1m[36mTRANSACTION (0.0ms)[0m  [1m[36mbegin transaction[0m
  [1m[35m (0.1ms)[0m  [1m[35mCREATE TABLE "scores" ("id" integer PRIMARY KEY AUTOINCREMENT NOT NULL, "subject" varchar, "point" integer, "grade" varchar, "student_id" integer NOT NULL, "created_at" datetime(6) NOT NULL, "updated_at" datetime(6) NOT NULL, CONSTRAINT "fk_rails_e7ff095b47"
FOREIGN KEY ("student_id")
  REFERENCES "students" ("id")
)[0m
  [1m[35m (0.0ms)[0m  [1m[35mCREATE INDEX "index_scores_on_student_id" ON "scores" ("student_id")[0m
  [1m[36mActiveRecord::SchemaMigration Create (0.0ms)[0m  [1m[32mINSERT INTO "schema_migrations" ("version") VALUES (?)[0m  [["version", "20220922064005"]]
  [1m[36mTRANSACTION (0.2ms)[0m  [1m[36mcommit transaction[0m
  [1m[36mActiveRecord::InternalMetadata Load (0.0ms)[0m  [1m[34mSELECT "ar_internal_metadata".* FROM "ar_internal_metadata" WHERE "ar_internal_metadata"."key" = ? LIMIT ?[0m  [["key", "environment"], ["LIMIT", 1]]
  [1m[36mTRANSACTION (0.0ms)[0m  [1m[36mbegin transaction[0m
  [1m[36mActiveRecord::InternalMetadata Create (0.1ms)[0m  [1m[32mINSERT INTO "ar_internal_metadata" ("key", "value", "created_at", "updated_at") VALUES (?, ?, ?, ?)[0m  [["key", "environment"], ["value", "development"], ["created_at", "2022-09-22 06:40:14.549746"], ["updated_at", "2022-09-22 06:40:14.549746"]]
  [1m[36mTRANSACTION (0.3ms)[0m  [1m[36mcommit transaction[0m
  [1m[36mActiveRecord::SchemaMigration Pluck (0.0ms)[0m  [1m[34mSELECT "schema_migrations"."version" FROM "schema_migrations" ORDER BY "schema_migrations"."version" ASC[0m
Started GET "/" for ::1 at 2022-09-22 13:40:22 +0700
  [1m[36mActiveRecord::SchemaMigration Pluck (0.1ms)[0m  [1m[34mSELECT "schema_migrations"."version" FROM "schema_migrations" ORDER BY "schema_migrations"."version" ASC[0m
Processing by Rails::WelcomeController#index as HTML
  Rendering /Users/moocandygum/.rvm/gems/ruby-3.1.2/gems/railties-7.0.4/lib/rails/templates/rails/welcome/index.html.erb
  Rendered /Users/moocandygum/.rvm/gems/ruby-3.1.2/gems/railties-7.0.4/lib/rails/templates/rails/welcome/index.html.erb (Duration: 0.9ms | Allocations: 634)
Completed 200 OK in 8ms (Views: 3.2ms | ActiveRecord: 0.0ms | Allocations: 5119)


Started GET "/" for ::1 at 2022-09-22 13:40:24 +0700
Processing by Rails::WelcomeController#index as HTML
  Rendering /Users/moocandygum/.rvm/gems/ruby-3.1.2/gems/railties-7.0.4/lib/rails/templates/rails/welcome/index.html.erb
  Rendered /Users/moocandygum/.rvm/gems/ruby-3.1.2/gems/railties-7.0.4/lib/rails/templates/rails/welcome/index.html.erb (Duration: 1.1ms | Allocations: 297)
Completed 200 OK in 4ms (Views: 2.8ms | ActiveRecord: 0.0ms | Allocations: 1020)


Started GET "/score/list" for ::1 at 2022-09-22 13:40:25 +0700
  
ActionController::RoutingError (No route matches [GET] "/score/list"):
  
Started GET "/students" for ::1 at 2022-09-22 13:40:26 +0700
Processing by StudentsController#index as HTML
  Rendering layout layouts/application.html.erb
  Rendering students/index.html.erb within layouts/application
  [1m[36mStudent Load (0.2ms)[0m  [1m[34mSELECT "students".* FROM "students"[0m
  ↳ app/views/students/index.html.erb:6
  Rendered students/index.html.erb within layouts/application (Duration: 2.5ms | Allocations: 1326)
  Rendered layout layouts/application.html.erb (Duration: 131.1ms | Allocations: 91653)
Completed 200 OK in 138ms (Views: 133.6ms | ActiveRecord: 0.2ms | Allocations: 93436)


Started GET "/students/new" for ::1 at 2022-09-22 13:40:28 +0700
Processing by StudentsController#new as HTML
  Rendering layout layouts/application.html.erb
  Rendering students/new.html.erb within layouts/application
  Rendered students/_form.html.erb (Duration: 16.8ms | Allocations: 5710)
  Rendered students/new.html.erb within layouts/application (Duration: 18.1ms | Allocations: 6047)
  Rendered layout layouts/application.html.erb (Duration: 20.5ms | Allocations: 8344)
Completed 200 OK in 32ms (Views: 21.3ms | ActiveRecord: 0.6ms | Allocations: 14104)


Started GET "/students" for ::1 at 2022-09-22 13:40:31 +0700
Processing by StudentsController#index as HTML
  Rendering layout layouts/application.html.erb
  Rendering students/index.html.erb within layouts/application
  [1m[36mStudent Load (0.1ms)[0m  [1m[34mSELECT "students".* FROM "students"[0m
  ↳ app/views/students/index.html.erb:6
  Rendered students/index.html.erb within layouts/application (Duration: 2.4ms | Allocations: 862)
  Rendered layout layouts/application.html.erb (Duration: 6.1ms | Allocations: 3045)
Completed 200 OK in 8ms (Views: 6.6ms | ActiveRecord: 0.1ms | Allocations: 3357)


Started GET "/students/new" for ::1 at 2022-09-22 13:44:22 +0700
  [1m[36mActiveRecord::SchemaMigration Pluck (0.0ms)[0m  [1m[34mSELECT "schema_migrations"."version" FROM "schema_migrations" ORDER BY "schema_migrations"."version" ASC[0m
Processing by StudentsController#new as HTML
  Rendering layout layouts/application.html.erb
  Rendering students/new.html.erb within layouts/application
  Rendered students/_form.html.erb (Duration: 3.8ms | Allocations: 4505)
  Rendered students/new.html.erb within layouts/application (Duration: 4.2ms | Allocations: 5127)
  Rendered layout layouts/application.html.erb (Duration: 19.4ms | Allocations: 40198)
Completed 200 OK in 26ms (Views: 20.5ms | ActiveRecord: 0.2ms | Allocations: 49650)


Started GET "/students/new" for ::1 at 2022-09-22 13:44:28 +0700
Processing by StudentsController#new as HTML
  Rendering layout layouts/application.html.erb
  Rendering students/new.html.erb within layouts/application
  Rendered students/_form.html.erb (Duration: 3.6ms | Allocations: 1689)
  Rendered students/new.html.erb within layouts/application (Duration: 4.0ms | Allocations: 1784)
  Rendered layout layouts/application.html.erb (Duration: 7.7ms | Allocations: 4071)
Completed 200 OK in 9ms (Views: 8.4ms | ActiveRecord: 0.0ms | Allocations: 4422)


Started POST "/students" for ::1 at 2022-09-22 13:44:43 +0700
Processing by StudentsController#create as TURBO_STREAM
  Parameters: {"authenticity_token"=>"[FILTERED]", "student"=>{"name"=>"moo", "dob"=>"2022-09-05", "student_no"=>"12", "class_year"=>"3"}, "commit"=>"Create Student"}
  [1m[36mTRANSACTION (0.1ms)[0m  [1m[36mbegin transaction[0m
  ↳ app/controllers/students_controller.rb:27:in `block in create'
  [1m[36mStudent Create (0.5ms)[0m  [1m[32mINSERT INTO "students" ("name", "dob", "student_no", "class_year", "created_at", "updated_at") VALUES (?, ?, ?, ?, ?, ?)[0m  [["name", "moo"], ["dob", "2022-09-05"], ["student_no", "12"], ["class_year", 3], ["created_at", "2022-09-22 06:44:43.034860"], ["updated_at", "2022-09-22 06:44:43.034860"]]
  ↳ app/controllers/students_controller.rb:27:in `block in create'
  [1m[36mTRANSACTION (0.6ms)[0m  [1m[36mcommit transaction[0m
  ↳ app/controllers/students_controller.rb:27:in `block in create'
Redirected to http://localhost:3000/students/1
Completed 302 Found in 9ms (ActiveRecord: 1.2ms | Allocations: 3908)


Started GET "/students/1" for ::1 at 2022-09-22 13:44:43 +0700
Processing by StudentsController#show as TURBO_STREAM
  Parameters: {"id"=>"1"}
  [1m[36mStudent Load (0.2ms)[0m  [1m[34mSELECT "students".* FROM "students" WHERE "students"."id" = ? LIMIT ?[0m  [["id", 1], ["LIMIT", 1]]
  ↳ app/controllers/students_controller.rb:63:in `set_student'
  Rendering layout layouts/application.html.erb
  Rendering students/show.html.erb within layouts/application
  Rendered students/_student.html.erb (Duration: 0.5ms | Allocations: 286)
  Rendered students/show.html.erb within layouts/application (Duration: 3.3ms | Allocations: 1724)
  Rendered layout layouts/application.html.erb (Duration: 5.5ms | Allocations: 4006)
Completed 200 OK in 9ms (Views: 5.8ms | ActiveRecord: 0.2ms | Allocations: 6907)


Started GET "/students/1/edit" for ::1 at 2022-09-22 13:44:51 +0700
Processing by StudentsController#edit as HTML
  Parameters: {"id"=>"1"}
  [1m[36mStudent Load (0.2ms)[0m  [1m[34mSELECT "students".* FROM "students" WHERE "students"."id" = ? LIMIT ?[0m  [["id", 1], ["LIMIT", 1]]
  ↳ app/controllers/students_controller.rb:63:in `set_student'
  Rendering layout layouts/application.html.erb
  Rendering students/edit.html.erb within layouts/application
  Rendered students/_form.html.erb (Duration: 2.7ms | Allocations: 1770)
  Rendered students/edit.html.erb within layouts/application (Duration: 3.7ms | Allocations: 2050)
  Rendered layout layouts/application.html.erb (Duration: 7.7ms | Allocations: 4226)
Completed 200 OK in 11ms (Views: 8.4ms | ActiveRecord: 0.2ms | Allocations: 5117)


Started GET "/" for ::1 at 2022-09-22 13:47:59 +0700
  [1m[36mActiveRecord::SchemaMigration Pluck (0.0ms)[0m  [1m[34mSELECT "schema_migrations"."version" FROM "schema_migrations" ORDER BY "schema_migrations"."version" ASC[0m
Processing by Rails::WelcomeController#index as HTML
  Rendering /Users/moocandygum/.rvm/gems/ruby-3.1.2/gems/railties-7.0.4/lib/rails/templates/rails/welcome/index.html.erb
  Rendered /Users/moocandygum/.rvm/gems/ruby-3.1.2/gems/railties-7.0.4/lib/rails/templates/rails/welcome/index.html.erb (Duration: 0.7ms | Allocations: 526)
Completed 200 OK in 4ms (Views: 1.7ms | ActiveRecord: 0.0ms | Allocations: 3804)


Started GET "/" for ::1 at 2022-09-22 13:48:02 +0700
Processing by Rails::WelcomeController#index as HTML
  Rendering /Users/moocandygum/.rvm/gems/ruby-3.1.2/gems/railties-7.0.4/lib/rails/templates/rails/welcome/index.html.erb
  Rendered /Users/moocandygum/.rvm/gems/ruby-3.1.2/gems/railties-7.0.4/lib/rails/templates/rails/welcome/index.html.erb (Duration: 1.0ms | Allocations: 297)
Completed 200 OK in 4ms (Views: 2.7ms | ActiveRecord: 0.0ms | Allocations: 1021)


Started GET "/score/list" for ::1 at 2022-09-22 13:48:03 +0700
  
ActionController::RoutingError (No route matches [GET] "/score/list"):
  
Started GET "/student/1/edit_score" for ::1 at 2022-09-22 13:48:11 +0700
Processing by StudentScoreController#edit as HTML
  Parameters: {"id"=>"1"}
  Rendering layout layouts/application.html.erb
  Rendering student_score/edit.html.erb within layouts/application
  Rendered student_score/edit.html.erb within layouts/application (Duration: 0.7ms | Allocations: 122)
  Rendered layout layouts/application.html.erb (Duration: 44.4ms | Allocations: 35579)
Completed 200 OK in 48ms (Views: 46.1ms | ActiveRecord: 0.0ms | Allocations: 36558)


Started GET "/student/1/edit_score" for ::1 at 2022-09-22 13:50:01 +0700
Processing by StudentScoreController#edit as HTML
  Parameters: {"id"=>"1"}
  Rendering layout layouts/application.html.erb
  Rendering student_score/edit.html.erb within layouts/application
  Rendered student_score/edit.html.erb within layouts/application (Duration: 0.2ms | Allocations: 138)
  Rendered layout layouts/application.html.erb (Duration: 5.3ms | Allocations: 14422)
Completed 200 OK in 7ms (Views: 6.2ms | Allocations: 15394)


Started GET "/student/1/edit_score" for ::1 at 2022-09-22 13:50:56 +0700
Processing by StudentScoreController#edit as HTML
  Parameters: {"id"=>"1"}
  Rendering layout layouts/application.html.erb
  Rendering student_score/edit.html.erb within layouts/application
  Rendered student_score/edit.html.erb within layouts/application (Duration: 0.2ms | Allocations: 138)
  Rendered layout layouts/application.html.erb (Duration: 9.3ms | Allocations: 14430)
Completed 200 OK in 11ms (Views: 10.1ms | Allocations: 16128)


Started GET "/student/1/edit_score" for ::1 at 2022-09-22 13:52:01 +0700
Processing by StudentScoreController#edit as HTML
  Parameters: {"id"=>"1"}
  Rendering layout layouts/application.html.erb
  Rendering student_score/edit.html.erb within layouts/application
  Rendered student_score/edit.html.erb within layouts/application (Duration: 0.1ms | Allocations: 10)
  Rendered layout layouts/application.html.erb (Duration: 9.4ms | Allocations: 2415)
Completed 200 OK in 15ms (Views: 14.1ms | Allocations: 2716)


Started GET "/score/list" for ::1 at 2022-09-22 13:52:04 +0700
  
ActionController::RoutingError (No route matches [GET] "/score/list"):
  
Started GET "/score/list" for ::1 at 2022-09-22 13:52:05 +0700
  
ActionController::RoutingError (No route matches [GET] "/score/list"):
  
Started GET "/scores" for ::1 at 2022-09-22 13:52:05 +0700
Processing by ScoresController#index as HTML
  Rendering layout layouts/application.html.erb
  Rendering scores/index.html.erb within layouts/application
  [1m[36mScore Load (0.3ms)[0m  [1m[34mSELECT "scores".* FROM "scores"[0m
  ↳ app/views/scores/index.html.erb:6
  Rendered scores/index.html.erb within layouts/application (Duration: 2.8ms | Allocations: 1570)
  Rendered layout layouts/application.html.erb (Duration: 4.9ms | Allocations: 3979)
Completed 200 OK in 14ms (Views: 6.2ms | ActiveRecord: 0.5ms | Allocations: 6695)


Started GET "/scores/new" for ::1 at 2022-09-22 13:52:07 +0700
Processing by ScoresController#new as HTML
  Rendering layout layouts/application.html.erb
  Rendering scores/new.html.erb within layouts/application
  Rendered scores/_form.html.erb (Duration: 7.7ms | Allocations: 3744)
  Rendered scores/new.html.erb within layouts/application (Duration: 14.5ms | Allocations: 4073)
  Rendered layout layouts/application.html.erb (Duration: 17.4ms | Allocations: 6384)
Completed 200 OK in 28ms (Views: 18.1ms | ActiveRecord: 0.5ms | Allocations: 11662)


  [1m[36mStudent Load (0.1ms)[0m  [1m[34mSELECT "students".* FROM "students"[0m
  [1m[36mScore Load (0.2ms)[0m  [1m[34mSELECT "scores".* FROM "scores"[0m
Started GET "/scores/new" for ::1 at 2022-09-22 13:53:08 +0700
  [1m[36mActiveRecord::SchemaMigration Pluck (0.0ms)[0m  [1m[34mSELECT "schema_migrations"."version" FROM "schema_migrations" ORDER BY "schema_migrations"."version" ASC[0m
Processing by ScoresController#new as HTML
  Rendering layout layouts/application.html.erb
  Rendering scores/new.html.erb within layouts/application
  Rendered scores/_form.html.erb (Duration: 2.8ms | Allocations: 4230)
  Rendered scores/new.html.erb within layouts/application (Duration: 3.2ms | Allocations: 4849)
  Rendered layout layouts/application.html.erb (Duration: 18.1ms | Allocations: 39885)
Completed 200 OK in 25ms (Views: 19.0ms | ActiveRecord: 0.2ms | Allocations: 49953)


Started POST "/scores" for ::1 at 2022-09-22 13:53:21 +0700
Processing by ScoresController#create as TURBO_STREAM
  Parameters: {"authenticity_token"=>"[FILTERED]", "score"=>{"subject"=>"math", "point"=>"21", "grade"=>"A", "student_id"=>"1"}, "commit"=>"Create Score"}
  [1m[36mTRANSACTION (0.1ms)[0m  [1m[36mbegin transaction[0m
  ↳ app/controllers/scores_controller.rb:27:in `block in create'
  [1m[36mStudent Load (0.1ms)[0m  [1m[34mSELECT "students".* FROM "students" WHERE "students"."id" = ? LIMIT ?[0m  [["id", 1], ["LIMIT", 1]]
  ↳ app/controllers/scores_controller.rb:27:in `block in create'
  [1m[36mScore Create (0.7ms)[0m  [1m[32mINSERT INTO "scores" ("subject", "point", "grade", "student_id", "created_at", "updated_at") VALUES (?, ?, ?, ?, ?, ?)[0m  [["subject", "math"], ["point", 21], ["grade", "A"], ["student_id", 1], ["created_at", "2022-09-22 06:53:21.588827"], ["updated_at", "2022-09-22 06:53:21.588827"]]
  ↳ app/controllers/scores_controller.rb:27:in `block in create'
  [1m[36mTRANSACTION (0.4ms)[0m  [1m[36mcommit transaction[0m
  ↳ app/controllers/scores_controller.rb:27:in `block in create'
Redirected to http://localhost:3000/scores/1
Completed 302 Found in 29ms (ActiveRecord: 1.7ms | Allocations: 14231)


Started GET "/scores/1" for ::1 at 2022-09-22 13:53:21 +0700
Processing by ScoresController#show as TURBO_STREAM
  Parameters: {"id"=>"1"}
  [1m[36mScore Load (0.1ms)[0m  [1m[34mSELECT "scores".* FROM "scores" WHERE "scores"."id" = ? LIMIT ?[0m  [["id", 1], ["LIMIT", 1]]
  ↳ app/controllers/scores_controller.rb:63:in `set_score'
  Rendering layout layouts/application.html.erb
  Rendering scores/show.html.erb within layouts/application
  Rendered scores/_score.html.erb (Duration: 0.4ms | Allocations: 274)
  Rendered scores/show.html.erb within layouts/application (Duration: 2.0ms | Allocations: 1603)
  Rendered layout layouts/application.html.erb (Duration: 3.6ms | Allocations: 3885)
Completed 200 OK in 5ms (Views: 3.9ms | ActiveRecord: 0.1ms | Allocations: 5547)


Started GET "/scores" for ::1 at 2022-09-22 13:53:24 +0700
Processing by ScoresController#index as HTML
  Rendering layout layouts/application.html.erb
  Rendering scores/index.html.erb within layouts/application
  [1m[36mScore Load (0.3ms)[0m  [1m[34mSELECT "scores".* FROM "scores"[0m
  ↳ app/views/scores/index.html.erb:6
  Rendered scores/_score.html.erb (Duration: 0.1ms | Allocations: 23)
  Rendered scores/index.html.erb within layouts/application (Duration: 4.5ms | Allocations: 1351)
  Rendered layout layouts/application.html.erb (Duration: 8.1ms | Allocations: 3536)
Completed 200 OK in 10ms (Views: 8.8ms | ActiveRecord: 0.3ms | Allocations: 3933)


  [1m[36mStudent Load (0.2ms)[0m  [1m[34mSELECT "students".* FROM "students"[0m
  [1m[36mScore Load (0.3ms)[0m  [1m[34mSELECT "scores".* FROM "scores"[0m
  [1m[36mStudent Load (0.2ms)[0m  [1m[34mSELECT "students".* FROM "students" ORDER BY "students"."id" ASC LIMIT ?[0m  [["LIMIT", 1]]
  [1m[36mScore Load (0.2ms)[0m  [1m[34mSELECT "scores".* FROM "scores" ORDER BY "scores"."id" ASC LIMIT ?[0m  [["LIMIT", 1]]
  [1m[36mStudent Load (0.1ms)[0m  [1m[34mSELECT "students".* FROM "students" WHERE "students"."id" = ? LIMIT ?[0m  [["id", 1], ["LIMIT", 1]]
  [1m[36mStudent Load (0.2ms)[0m  [1m[34mSELECT "students".* FROM "students" ORDER BY "students"."id" ASC LIMIT ?[0m  [["LIMIT", 1]]
  [1m[36mScore Load (0.2ms)[0m  [1m[34mSELECT "scores".* FROM "scores" WHERE "scores"."student_id" = ?[0m  [["student_id", 1]]
Started GET "/students" for ::1 at 2022-09-22 14:09:42 +0700
  [1m[36mActiveRecord::SchemaMigration Pluck (0.0ms)[0m  [1m[34mSELECT "schema_migrations"."version" FROM "schema_migrations" ORDER BY "schema_migrations"."version" ASC[0m
Processing by StudentsController#index as HTML
  Rendering layout layouts/application.html.erb
  Rendering students/index.html.erb within layouts/application
  [1m[36mStudent Load (0.2ms)[0m  [1m[34mSELECT "students".* FROM "students"[0m
  ↳ app/views/students/index.html.erb:6
  Rendered students/_student.html.erb (Duration: 0.3ms | Allocations: 327)
  Rendered students/index.html.erb within layouts/application (Duration: 5.7ms | Allocations: 7683)
  Rendered layout layouts/application.html.erb (Duration: 112.3ms | Allocations: 99563)
Completed 200 OK in 121ms (Views: 114.4ms | ActiveRecord: 0.4ms | Allocations: 106175)


Started GET "/students/1" for ::1 at 2022-09-22 14:09:44 +0700
Processing by StudentsController#show as HTML
  Parameters: {"id"=>"1"}
  [1m[36mStudent Load (0.2ms)[0m  [1m[34mSELECT "students".* FROM "students" WHERE "students"."id" = ? LIMIT ?[0m  [["id", 1], ["LIMIT", 1]]
  ↳ app/controllers/students_controller.rb:63:in `set_student'
  Rendering layout layouts/application.html.erb
  Rendering students/show.html.erb within layouts/application
  Rendered students/_student.html.erb (Duration: 0.2ms | Allocations: 40)
  Rendered students/show.html.erb within layouts/application (Duration: 3.1ms | Allocations: 1038)
  Rendered layout layouts/application.html.erb (Duration: 7.2ms | Allocations: 3321)
Completed 200 OK in 13ms (Views: 7.9ms | ActiveRecord: 0.2ms | Allocations: 6169)


Started GET "/students" for ::1 at 2022-09-22 14:09:47 +0700
Processing by StudentsController#index as HTML
  Rendering layout layouts/application.html.erb
  Rendering students/index.html.erb within layouts/application
  [1m[36mStudent Load (0.1ms)[0m  [1m[34mSELECT "students".* FROM "students"[0m
  ↳ app/views/students/index.html.erb:6
  Rendered students/_student.html.erb (Duration: 0.1ms | Allocations: 30)
  Rendered students/index.html.erb within layouts/application (Duration: 2.4ms | Allocations: 977)
  Rendered layout layouts/application.html.erb (Duration: 5.8ms | Allocations: 3163)
Completed 200 OK in 7ms (Views: 6.2ms | ActiveRecord: 0.1ms | Allocations: 3446)


Started GET "/student/1/edit_score" for ::1 at 2022-09-22 14:09:51 +0700
Processing by StudentScoreController#edit as HTML
  Parameters: {"id"=>"1"}
  Rendering layout layouts/application.html.erb
  Rendering student_score/edit.html.erb within layouts/application
  Rendered student_score/edit.html.erb within layouts/application (Duration: 0.6ms | Allocations: 135)
  Rendered layout layouts/application.html.erb (Duration: 4.6ms | Allocations: 2841)
Completed 200 OK in 8ms (Views: 6.6ms | ActiveRecord: 0.0ms | Allocations: 3696)


Started GET "/score/list" for ::1 at 2022-09-22 14:17:22 +0700
  
ActionController::RoutingError (No route matches [GET] "/score/list"):
  
Started GET "/students/1" for ::1 at 2022-09-22 14:17:23 +0700
Processing by StudentsController#show as HTML
  Parameters: {"id"=>"1"}
  [1m[36mStudent Load (0.5ms)[0m  [1m[34mSELECT "students".* FROM "students" WHERE "students"."id" = ? LIMIT ?[0m  [["id", 1], ["LIMIT", 1]]
  ↳ app/controllers/students_controller.rb:63:in `set_student'
  Rendering layout layouts/application.html.erb
  Rendering students/show.html.erb within layouts/application
  Rendered students/_student.html.erb (Duration: 0.1ms | Allocations: 61)
  Rendered students/show.html.erb within layouts/application (Duration: 1.3ms | Allocations: 941)
  Rendered layout layouts/application.html.erb (Duration: 11.4ms | Allocations: 14764)
Completed 200 OK in 23ms (Views: 12.5ms | ActiveRecord: 1.0ms | Allocations: 19580)


Started GET "/student/1/edit_score" for ::1 at 2022-09-22 14:17:25 +0700
Processing by StudentScoreController#edit as HTML
  Parameters: {"id"=>"1"}
  [1m[36mStudent Load (0.4ms)[0m  [1m[34mSELECT "students".* FROM "students"[0m
  ↳ app/controllers/student_score_controller.rb:4:in `edit'
  Rendering layout layouts/application.html.erb
  Rendering student_score/edit.html.erb within layouts/application
  Rendered student_score/edit.html.erb within layouts/application (Duration: 0.1ms | Allocations: 12)
  Rendered layout layouts/application.html.erb (Duration: 4.9ms | Allocations: 2722)
Completed 200 OK in 9ms (Views: 6.2ms | ActiveRecord: 0.4ms | Allocations: 4016)


Started GET "/student/1/edit_score" for ::1 at 2022-09-22 14:18:42 +0700
Processing by StudentScoreController#edit as HTML
  Parameters: {"id"=>"1"}
  [1m[36mStudent Load (0.2ms)[0m  [1m[34mSELECT "students".* FROM "students"[0m
  ↳ app/controllers/student_score_controller.rb:4:in `edit'
  Rendering layout layouts/application.html.erb
  Rendering student_score/edit.html.erb within layouts/application
  Rendered student_score/edit.html.erb within layouts/application (Duration: 0.1ms | Allocations: 134)
  Rendered layout layouts/application.html.erb (Duration: 6.0ms | Allocations: 14483)
Completed 200 OK in 10ms (Views: 6.6ms | ActiveRecord: 0.5ms | Allocations: 19384)


Started GET "/student/1/edit_score" for ::1 at 2022-09-22 14:18:45 +0700
Processing by StudentScoreController#edit as HTML
  Parameters: {"id"=>"1"}
  [1m[36mStudent Load (0.2ms)[0m  [1m[34mSELECT "students".* FROM "students"[0m
  ↳ app/controllers/student_score_controller.rb:4:in `edit'
  Rendering layout layouts/application.html.erb
  Rendering student_score/edit.html.erb within layouts/application
  Rendered student_score/edit.html.erb within layouts/application (Duration: 0.0ms | Allocations: 7)
  Rendered layout layouts/application.html.erb (Duration: 4.8ms | Allocations: 2417)
Completed 200 OK in 8ms (Views: 5.6ms | ActiveRecord: 0.2ms | Allocations: 3272)


Started GET "/student/1/edit_score" for ::1 at 2022-09-22 14:19:41 +0700
Processing by StudentScoreController#edit as HTML
  Parameters: {"id"=>"1"}
  [1m[36mStudent Load (0.0ms)[0m  [1m[34mSELECT "students".* FROM "students"[0m
  ↳ app/controllers/student_score_controller.rb:4:in `edit'
Completed 500 Internal Server Error in 7ms (ActiveRecord: 0.4ms | Allocations: 7319)


  
NameError (undefined local variable or method `student' for #<StudentScoreController:0x000000000191b8>

        @student = student
                   ^^^^^^^
Did you mean?  @student):
  
app/controllers/student_score_controller.rb:6:in `block in edit'
app/controllers/student_score_controller.rb:4:in `edit'
Started GET "/student/1/edit_score" for ::1 at 2022-09-22 14:19:51 +0700
Processing by StudentScoreController#edit as HTML
  Parameters: {"id"=>"1"}
  [1m[36mStudent Load (0.0ms)[0m  [1m[34mSELECT "students".* FROM "students"[0m
  ↳ app/controllers/student_score_controller.rb:4:in `edit'
  Rendering layout layouts/application.html.erb
  Rendering student_score/edit.html.erb within layouts/application
  Rendered student_score/edit.html.erb within layouts/application (Duration: 0.1ms | Allocations: 137)
  Rendered layout layouts/application.html.erb (Duration: 5.4ms | Allocations: 14482)
Completed 200 OK in 10ms (Views: 6.1ms | ActiveRecord: 0.4ms | Allocations: 19370)


Started GET "/student/1/edit_score" for ::1 at 2022-09-22 14:22:55 +0700
Processing by StudentScoreController#edit as HTML
  Parameters: {"id"=>"1"}
  [1m[36mStudent Load (0.0ms)[0m  [1m[34mSELECT "students".* FROM "students"[0m
  ↳ app/controllers/student_score_controller.rb:4:in `edit'
  Rendering layout layouts/application.html.erb
  Rendering student_score/edit.html.erb within layouts/application
  Rendered student_score/edit.html.erb within layouts/application (Duration: 0.3ms | Allocations: 169)
  Rendered layout layouts/application.html.erb (Duration: 5.0ms | Allocations: 14504)
Completed 200 OK in 9ms (Views: 5.7ms | ActiveRecord: 0.3ms | Allocations: 19384)


Started GET "/student/10/edit_score" for ::1 at 2022-09-22 14:22:58 +0700
Processing by StudentScoreController#edit as HTML
  Parameters: {"id"=>"10"}
  [1m[36mStudent Load (0.2ms)[0m  [1m[34mSELECT "students".* FROM "students"[0m
  ↳ app/controllers/student_score_controller.rb:4:in `edit'
  Rendering layout layouts/application.html.erb
  Rendering student_score/edit.html.erb within layouts/application
  Rendered student_score/edit.html.erb within layouts/application (Duration: 0.1ms | Allocations: 7)
  Rendered layout layouts/application.html.erb (Duration: 4.9ms | Allocations: 2414)
Completed 200 OK in 8ms (Views: 5.7ms | ActiveRecord: 0.2ms | Allocations: 3268)


Started GET "/student/1/edit_score" for ::1 at 2022-09-22 14:23:05 +0700
Processing by StudentScoreController#edit as HTML
  Parameters: {"id"=>"1"}
  [1m[36mStudent Load (0.2ms)[0m  [1m[34mSELECT "students".* FROM "students"[0m
  ↳ app/controllers/student_score_controller.rb:4:in `edit'
  Rendering layout layouts/application.html.erb
  Rendering student_score/edit.html.erb within layouts/application
  Rendered student_score/edit.html.erb within layouts/application (Duration: 0.1ms | Allocations: 7)
  Rendered layout layouts/application.html.erb (Duration: 4.6ms | Allocations: 2405)
Completed 200 OK in 8ms (Views: 5.3ms | ActiveRecord: 0.2ms | Allocations: 3182)


Started GET "/student/10/edit_score" for ::1 at 2022-09-22 14:23:41 +0700
Processing by StudentScoreController#edit as HTML
  Parameters: {"id"=>"10"}
  [1m[36mStudent Load (0.1ms)[0m  [1m[34mSELECT "students".* FROM "students"[0m
  ↳ app/controllers/student_score_controller.rb:4:in `edit'
  Rendering layout layouts/application.html.erb
  Rendering student_score/edit.html.erb within layouts/application
  Rendered student_score/edit.html.erb within layouts/application (Duration: 0.4ms | Allocations: 160)
  Rendered layout layouts/application.html.erb (Duration: 4.2ms | Allocations: 3036)
Completed 200 OK in 8ms (Views: 5.7ms | ActiveRecord: 0.1ms | Allocations: 4381)


Started GET "/student/1/edit_score" for ::1 at 2022-09-22 14:23:45 +0700
Processing by StudentScoreController#edit as HTML
  Parameters: {"id"=>"1"}
  [1m[36mStudent Load (0.1ms)[0m  [1m[34mSELECT "students".* FROM "students"[0m
  ↳ app/controllers/student_score_controller.rb:4:in `edit'
  Rendering layout layouts/application.html.erb
  Rendering student_score/edit.html.erb within layouts/application
  Rendered student_score/edit.html.erb within layouts/application (Duration: 0.0ms | Allocations: 7)
  Rendered layout layouts/application.html.erb (Duration: 3.0ms | Allocations: 2414)
Completed 200 OK in 5ms (Views: 3.4ms | ActiveRecord: 0.1ms | Allocations: 3270)


Started GET "/student/1/edit_score" for ::1 at 2022-09-22 14:25:08 +0700
Processing by StudentScoreController#edit as HTML
  Parameters: {"id"=>"1"}
  [1m[36mStudent Load (0.1ms)[0m  [1m[34mSELECT "students".* FROM "students"[0m
  ↳ app/controllers/student_score_controller.rb:4:in `edit'
  Rendering layout layouts/application.html.erb
  Rendering student_score/edit.html.erb within layouts/application
  [1m[36mScore Load (0.2ms)[0m  [1m[34mSELECT "scores".* FROM "scores" WHERE "scores"."student_id" = ?[0m  [["student_id", 1]]
  ↳ app/views/student_score/edit.html.erb:2
  Rendered student_score/edit.html.erb within layouts/application (Duration: 20.1ms | Allocations: 16710)
  Rendered layout layouts/application.html.erb (Duration: 21.6ms | Allocations: 19623)
Completed 200 OK in 26ms (Views: 23.3ms | ActiveRecord: 0.5ms | Allocations: 20969)


Started GET "/student/1/edit_score" for ::1 at 2022-09-22 14:25:14 +0700
Processing by StudentScoreController#edit as HTML
  Parameters: {"id"=>"1"}
  [1m[36mStudent Load (0.2ms)[0m  [1m[34mSELECT "students".* FROM "students"[0m
  ↳ app/controllers/student_score_controller.rb:4:in `edit'
  Rendering layout layouts/application.html.erb
  Rendering student_score/edit.html.erb within layouts/application
  [1m[36mScore Load (0.1ms)[0m  [1m[34mSELECT "scores".* FROM "scores" WHERE "scores"."student_id" = ?[0m  [["student_id", 1]]
  ↳ app/views/student_score/edit.html.erb:2
  Rendered student_score/edit.html.erb within layouts/application (Duration: 1.3ms | Allocations: 726)
  Rendered layout layouts/application.html.erb (Duration: 4.4ms | Allocations: 3152)
Completed 200 OK in 7ms (Views: 4.7ms | ActiveRecord: 0.3ms | Allocations: 4031)


Started GET "/score/list" for ::1 at 2022-09-22 14:25:16 +0700
  
ActionController::RoutingError (No route matches [GET] "/score/list"):
  
Started GET "/scores" for ::1 at 2022-09-22 14:25:20 +0700
Processing by ScoresController#index as HTML
  Rendering layout layouts/application.html.erb
  Rendering scores/index.html.erb within layouts/application
  [1m[36mScore Load (0.2ms)[0m  [1m[34mSELECT "scores".* FROM "scores"[0m
  ↳ app/views/scores/index.html.erb:6
  Rendered scores/_score.html.erb (Duration: 0.6ms | Allocations: 238)
  Rendered scores/index.html.erb within layouts/application (Duration: 9.4ms | Allocations: 1882)
  Rendered layout layouts/application.html.erb (Duration: 12.4ms | Allocations: 4290)
Completed 200 OK in 15ms (Views: 13.3ms | ActiveRecord: 0.2ms | Allocations: 5156)


Started GET "/scores/new" for ::1 at 2022-09-22 14:25:24 +0700
Processing by ScoresController#new as HTML
  Rendering layout layouts/application.html.erb
  Rendering scores/new.html.erb within layouts/application
  Rendered scores/_form.html.erb (Duration: 15.5ms | Allocations: 5203)
  Rendered scores/new.html.erb within layouts/application (Duration: 16.7ms | Allocations: 5505)
  Rendered layout layouts/application.html.erb (Duration: 18.0ms | Allocations: 7813)
Completed 200 OK in 19ms (Views: 18.4ms | ActiveRecord: 0.0ms | Allocations: 8220)


Started POST "/scores" for ::1 at 2022-09-22 14:25:52 +0700
Processing by ScoresController#create as TURBO_STREAM
  Parameters: {"authenticity_token"=>"[FILTERED]", "score"=>{"subject"=>"science", "point"=>"60", "grade"=>"B", "student_id"=>"1"}, "commit"=>"Create Score"}
  [1m[36mTRANSACTION (0.0ms)[0m  [1m[36mbegin transaction[0m
  ↳ app/controllers/scores_controller.rb:27:in `block in create'
  [1m[36mStudent Load (0.1ms)[0m  [1m[34mSELECT "students".* FROM "students" WHERE "students"."id" = ? LIMIT ?[0m  [["id", 1], ["LIMIT", 1]]
  ↳ app/controllers/scores_controller.rb:27:in `block in create'
  [1m[36mScore Create (0.6ms)[0m  [1m[32mINSERT INTO "scores" ("subject", "point", "grade", "student_id", "created_at", "updated_at") VALUES (?, ?, ?, ?, ?, ?)[0m  [["subject", "science"], ["point", 60], ["grade", "B"], ["student_id", 1], ["created_at", "2022-09-22 07:25:52.655839"], ["updated_at", "2022-09-22 07:25:52.655839"]]
  ↳ app/controllers/scores_controller.rb:27:in `block in create'
  [1m[36mTRANSACTION (0.3ms)[0m  [1m[36mcommit transaction[0m
  ↳ app/controllers/scores_controller.rb:27:in `block in create'
Redirected to http://localhost:3000/scores/2
Completed 302 Found in 5ms (ActiveRecord: 1.0ms | Allocations: 5687)


Started GET "/scores/2" for ::1 at 2022-09-22 14:25:52 +0700
Processing by ScoresController#show as TURBO_STREAM
  Parameters: {"id"=>"2"}
  [1m[36mScore Load (0.1ms)[0m  [1m[34mSELECT "scores".* FROM "scores" WHERE "scores"."id" = ? LIMIT ?[0m  [["id", 2], ["LIMIT", 1]]
  ↳ app/controllers/scores_controller.rb:63:in `set_score'
  Rendering layout layouts/application.html.erb
  Rendering scores/show.html.erb within layouts/application
  Rendered scores/_score.html.erb (Duration: 0.0ms | Allocations: 26)
  Rendered scores/show.html.erb within layouts/application (Duration: 0.8ms | Allocations: 953)
  Rendered layout layouts/application.html.erb (Duration: 1.9ms | Allocations: 3227)
Completed 200 OK in 3ms (Views: 2.0ms | ActiveRecord: 0.1ms | Allocations: 4744)


Started GET "/scores" for ::1 at 2022-09-22 14:25:56 +0700
Processing by ScoresController#index as HTML
  Rendering layout layouts/application.html.erb
  Rendering scores/index.html.erb within layouts/application
  [1m[36mScore Load (0.2ms)[0m  [1m[34mSELECT "scores".* FROM "scores"[0m
  ↳ app/views/scores/index.html.erb:6
  Rendered scores/_score.html.erb (Duration: 0.1ms | Allocations: 23)
  Rendered scores/_score.html.erb (Duration: 0.0ms | Allocations: 22)
  Rendered scores/index.html.erb within layouts/application (Duration: 2.7ms | Allocations: 1096)
  Rendered layout layouts/application.html.erb (Duration: 5.5ms | Allocations: 3280)
Completed 200 OK in 6ms (Views: 5.7ms | ActiveRecord: 0.2ms | Allocations: 3551)


Started GET "/" for ::1 at 2022-09-22 14:25:58 +0700
Processing by Rails::WelcomeController#index as HTML
  Rendering /Users/moocandygum/.rvm/gems/ruby-3.1.2@wp/gems/railties-7.0.4/lib/rails/templates/rails/welcome/index.html.erb
  Rendered /Users/moocandygum/.rvm/gems/ruby-3.1.2@wp/gems/railties-7.0.4/lib/rails/templates/rails/welcome/index.html.erb (Duration: 0.9ms | Allocations: 301)
Completed 200 OK in 3ms (Views: 1.7ms | ActiveRecord: 0.0ms | Allocations: 1103)


Started GET "/" for ::1 at 2022-09-22 14:25:59 +0700
Processing by Rails::WelcomeController#index as HTML
  Rendering /Users/moocandygum/.rvm/gems/ruby-3.1.2@wp/gems/railties-7.0.4/lib/rails/templates/rails/welcome/index.html.erb
  Rendered /Users/moocandygum/.rvm/gems/ruby-3.1.2@wp/gems/railties-7.0.4/lib/rails/templates/rails/welcome/index.html.erb (Duration: 0.8ms | Allocations: 296)
Completed 200 OK in 4ms (Views: 2.6ms | ActiveRecord: 0.0ms | Allocations: 997)


Started GET "/" for ::1 at 2022-09-22 14:25:59 +0700
Processing by Rails::WelcomeController#index as HTML
  Rendering /Users/moocandygum/.rvm/gems/ruby-3.1.2@wp/gems/railties-7.0.4/lib/rails/templates/rails/welcome/index.html.erb
  Rendered /Users/moocandygum/.rvm/gems/ruby-3.1.2@wp/gems/railties-7.0.4/lib/rails/templates/rails/welcome/index.html.erb (Duration: 0.1ms | Allocations: 15)
Completed 200 OK in 1ms (Views: 0.5ms | ActiveRecord: 0.0ms | Allocations: 246)


Started GET "/" for ::1 at 2022-09-22 14:26:03 +0700
Processing by Rails::WelcomeController#index as HTML
  Rendering /Users/moocandygum/.rvm/gems/ruby-3.1.2@wp/gems/railties-7.0.4/lib/rails/templates/rails/welcome/index.html.erb
  Rendered /Users/moocandygum/.rvm/gems/ruby-3.1.2@wp/gems/railties-7.0.4/lib/rails/templates/rails/welcome/index.html.erb (Duration: 0.1ms | Allocations: 15)
Completed 200 OK in 1ms (Views: 0.5ms | ActiveRecord: 0.0ms | Allocations: 221)


Started GET "/score/list" for ::1 at 2022-09-22 14:26:04 +0700
  
ActionController::RoutingError (No route matches [GET] "/score/list"):
  
Started GET "/student/1/edit_score" for ::1 at 2022-09-22 14:26:05 +0700
Processing by StudentScoreController#edit as HTML
  Parameters: {"id"=>"1"}
  [1m[36mStudent Load (0.1ms)[0m  [1m[34mSELECT "students".* FROM "students"[0m
  ↳ app/controllers/student_score_controller.rb:4:in `edit'
  Rendering layout layouts/application.html.erb
  Rendering student_score/edit.html.erb within layouts/application
  [1m[36mScore Load (0.1ms)[0m  [1m[34mSELECT "scores".* FROM "scores" WHERE "scores"."student_id" = ?[0m  [["student_id", 1]]
  ↳ app/views/student_score/edit.html.erb:2
  Rendered student_score/edit.html.erb within layouts/application (Duration: 2.0ms | Allocations: 1018)
  Rendered layout layouts/application.html.erb (Duration: 5.4ms | Allocations: 3889)
Completed 200 OK in 10ms (Views: 7.0ms | ActiveRecord: 0.2ms | Allocations: 5222)


Started GET "/" for ::1 at 2022-09-22 14:26:53 +0700
Processing by Rails::WelcomeController#index as HTML
  Rendering /Users/moocandygum/.rvm/gems/ruby-3.1.2@wp/gems/railties-7.0.4/lib/rails/templates/rails/welcome/index.html.erb
  Rendered /Users/moocandygum/.rvm/gems/ruby-3.1.2@wp/gems/railties-7.0.4/lib/rails/templates/rails/welcome/index.html.erb (Duration: 0.1ms | Allocations: 19)
Completed 200 OK in 1ms (Views: 0.5ms | ActiveRecord: 0.0ms | Allocations: 249)


Started GET "/" for ::1 at 2022-09-22 14:26:55 +0700
Processing by Rails::WelcomeController#index as HTML
  Rendering /Users/moocandygum/.rvm/gems/ruby-3.1.2@wp/gems/railties-7.0.4/lib/rails/templates/rails/welcome/index.html.erb
  Rendered /Users/moocandygum/.rvm/gems/ruby-3.1.2@wp/gems/railties-7.0.4/lib/rails/templates/rails/welcome/index.html.erb (Duration: 0.1ms | Allocations: 15)
Completed 200 OK in 1ms (Views: 0.4ms | ActiveRecord: 0.0ms | Allocations: 221)


Started GET "/score/list" for ::1 at 2022-09-22 14:26:55 +0700
  
ActionController::RoutingError (No route matches [GET] "/score/list"):
  
Started GET "/scores" for ::1 at 2022-09-22 14:26:57 +0700
Processing by ScoresController#index as HTML
  Rendering layout layouts/application.html.erb
  Rendering scores/index.html.erb within layouts/application
  [1m[36mScore Load (0.1ms)[0m  [1m[34mSELECT "scores".* FROM "scores"[0m
  ↳ app/views/scores/index.html.erb:6
  Rendered scores/_score.html.erb (Duration: 0.5ms | Allocations: 222)
  Rendered scores/_score.html.erb (Duration: 0.1ms | Allocations: 22)
  Rendered scores/index.html.erb within layouts/application (Duration: 3.5ms | Allocations: 1835)
  Rendered layout layouts/application.html.erb (Duration: 6.2ms | Allocations: 4230)
Completed 200 OK in 9ms (Views: 7.7ms | ActiveRecord: 0.1ms | Allocations: 4884)


Started GET "/scores/1" for ::1 at 2022-09-22 14:26:59 +0700
Processing by ScoresController#show as HTML
  Parameters: {"id"=>"1"}
  [1m[36mScore Load (0.1ms)[0m  [1m[34mSELECT "scores".* FROM "scores" WHERE "scores"."id" = ? LIMIT ?[0m  [["id", 1], ["LIMIT", 1]]
  ↳ app/controllers/scores_controller.rb:63:in `set_score'
  Rendering layout layouts/application.html.erb
  Rendering scores/show.html.erb within layouts/application
  Rendered scores/_score.html.erb (Duration: 0.1ms | Allocations: 23)
  Rendered scores/show.html.erb within layouts/application (Duration: 1.5ms | Allocations: 829)
  Rendered layout layouts/application.html.erb (Duration: 5.0ms | Allocations: 3005)
Completed 200 OK in 8ms (Views: 5.4ms | ActiveRecord: 0.1ms | Allocations: 3859)


Started GET "/scores/1/edit" for ::1 at 2022-09-22 14:27:02 +0700
Processing by ScoresController#edit as HTML
  Parameters: {"id"=>"1"}
  [1m[36mScore Load (0.1ms)[0m  [1m[34mSELECT "scores".* FROM "scores" WHERE "scores"."id" = ? LIMIT ?[0m  [["id", 1], ["LIMIT", 1]]
  ↳ app/controllers/scores_controller.rb:63:in `set_score'
  Rendering layout layouts/application.html.erb
  Rendering scores/edit.html.erb within layouts/application
  Rendered scores/_form.html.erb (Duration: 3.7ms | Allocations: 2127)
  Rendered scores/edit.html.erb within layouts/application (Duration: 4.9ms | Allocations: 2456)
  Rendered layout layouts/application.html.erb (Duration: 7.6ms | Allocations: 4632)
Completed 200 OK in 10ms (Views: 8.1ms | ActiveRecord: 0.1ms | Allocations: 5417)


Started GET "/scores/1" for ::1 at 2022-09-22 14:27:51 +0700
Processing by ScoresController#show as HTML
  Parameters: {"id"=>"1"}
  [1m[36mScore Load (0.2ms)[0m  [1m[34mSELECT "scores".* FROM "scores" WHERE "scores"."id" = ? LIMIT ?[0m  [["id", 1], ["LIMIT", 1]]
  ↳ app/controllers/scores_controller.rb:63:in `set_score'
  Rendering layout layouts/application.html.erb
  Rendering scores/show.html.erb within layouts/application
  Rendered scores/_score.html.erb (Duration: 0.1ms | Allocations: 23)
  Rendered scores/show.html.erb within layouts/application (Duration: 1.2ms | Allocations: 630)
  Rendered layout layouts/application.html.erb (Duration: 4.3ms | Allocations: 2813)
Completed 200 OK in 6ms (Views: 4.6ms | ActiveRecord: 0.2ms | Allocations: 3545)


Started GET "/scores/1/edit" for ::1 at 2022-09-22 14:27:54 +0700
Processing by ScoresController#edit as HTML
  Parameters: {"id"=>"1"}
  [1m[36mScore Load (0.1ms)[0m  [1m[34mSELECT "scores".* FROM "scores" WHERE "scores"."id" = ? LIMIT ?[0m  [["id", 1], ["LIMIT", 1]]
  ↳ app/controllers/scores_controller.rb:63:in `set_score'
  Rendering layout layouts/application.html.erb
  Rendering scores/edit.html.erb within layouts/application
  Rendered scores/_form.html.erb (Duration: 2.6ms | Allocations: 1617)
  Rendered scores/edit.html.erb within layouts/application (Duration: 2.9ms | Allocations: 1740)
  Rendered layout layouts/application.html.erb (Duration: 5.9ms | Allocations: 3923)
Completed 200 OK in 8ms (Views: 6.3ms | ActiveRecord: 0.1ms | Allocations: 4654)


Started GET "/scores/1" for ::1 at 2022-09-22 14:27:58 +0700
Processing by ScoresController#show as HTML
  Parameters: {"id"=>"1"}
  [1m[36mScore Load (0.1ms)[0m  [1m[34mSELECT "scores".* FROM "scores" WHERE "scores"."id" = ? LIMIT ?[0m  [["id", 1], ["LIMIT", 1]]
  ↳ app/controllers/scores_controller.rb:63:in `set_score'
  Rendering layout layouts/application.html.erb
  Rendering scores/show.html.erb within layouts/application
  Rendered scores/_score.html.erb (Duration: 0.1ms | Allocations: 23)
  Rendered scores/show.html.erb within layouts/application (Duration: 1.3ms | Allocations: 654)
  Rendered layout layouts/application.html.erb (Duration: 4.1ms | Allocations: 2830)
Completed 200 OK in 6ms (Views: 4.6ms | ActiveRecord: 0.1ms | Allocations: 3561)


Started GET "/scores" for ::1 at 2022-09-22 14:28:01 +0700
Processing by ScoresController#index as HTML
  Rendering layout layouts/application.html.erb
  Rendering scores/index.html.erb within layouts/application
  [1m[36mScore Load (0.1ms)[0m  [1m[34mSELECT "scores".* FROM "scores"[0m
  ↳ app/views/scores/index.html.erb:6
  Rendered scores/_score.html.erb (Duration: 0.1ms | Allocations: 23)
  Rendered scores/_score.html.erb (Duration: 0.0ms | Allocations: 22)
  Rendered scores/index.html.erb within layouts/application (Duration: 1.8ms | Allocations: 1110)
  Rendered layout layouts/application.html.erb (Duration: 4.8ms | Allocations: 3294)
Completed 200 OK in 6ms (Views: 5.2ms | ActiveRecord: 0.1ms | Allocations: 3566)


  [1m[36mScore Load (0.1ms)[0m  [1m[34mSELECT "scores".* FROM "scores"[0m
Started GET "/scores/new" for ::1 at 2022-09-22 14:32:14 +0700
Started GET "/scores" for ::1 at 2022-09-22 14:32:14 +0700
  [1m[36mActiveRecord::SchemaMigration Pluck (0.0ms)[0m  [1m[34mSELECT "schema_migrations"."version" FROM "schema_migrations" ORDER BY "schema_migrations"."version" ASC[0m
Processing by ScoresController#new as HTML
Processing by ScoresController#index as HTML
  Rendering layout layouts/application.html.erb
  Rendering scores/index.html.erb within layouts/application
  [1m[36mScore Load (0.2ms)[0m  [1m[34mSELECT "scores".* FROM "scores"[0m
  ↳ app/views/scores/index.html.erb:6
  Rendering layout layouts/application.html.erb
  Rendering scores/new.html.erb within layouts/application
  Rendered scores/_score.html.erb (Duration: 0.4ms | Allocations: 459)
  Rendered scores/_score.html.erb (Duration: 0.0ms | Allocations: 22)
  Rendered scores/index.html.erb within layouts/application (Duration: 3.5ms | Allocations: 3876)
  Rendered scores/_form.html.erb (Duration: 3.7ms | Allocations: 5434)
  Rendered scores/new.html.erb within layouts/application (Duration: 4.3ms | Allocations: 6210)
  Rendered layout layouts/application.html.erb (Duration: 31.3ms | Allocations: 72957)
  Rendered layout layouts/application.html.erb (Duration: 28.7ms | Allocations: 70424)
Completed 200 OK in 38ms (Views: 32.7ms | ActiveRecord: 0.3ms | Allocations: 82715)


Completed 200 OK in 38ms (Views: 29.2ms | ActiveRecord: 0.2ms | Allocations: 83054)


Started GET "/score/list" for ::1 at 2022-09-22 14:32:14 +0700
  
ActionController::RoutingError (No route matches [GET] "/score/list"):
  
Started GET "/submit" for ::1 at 2022-09-22 14:32:15 +0700
  
ActionController::RoutingError (No route matches [GET] "/submit"):
  
Started GET "/score/list" for ::1 at 2022-09-22 14:32:16 +0700
  
ActionController::RoutingError (No route matches [GET] "/score/list"):
  
Started GET "/student/1/edit_score" for ::1 at 2022-09-22 14:32:17 +0700
Processing by StudentScoreController#edit as HTML
  Parameters: {"id"=>"1"}
  [1m[36mStudent Load (0.2ms)[0m  [1m[34mSELECT "students".* FROM "students"[0m
  ↳ app/controllers/student_score_controller.rb:4:in `edit'
  Rendering layout layouts/application.html.erb
  Rendering student_score/edit.html.erb within layouts/application
  [1m[36mScore Load (0.3ms)[0m  [1m[34mSELECT "scores".* FROM "scores" WHERE "scores"."student_id" = ?[0m  [["student_id", 1]]
  ↳ app/views/student_score/edit.html.erb:8
  Rendered student_score/edit.html.erb within layouts/application (Duration: 5.4ms | Allocations: 5586)
  Rendered layout layouts/application.html.erb (Duration: 6.9ms | Allocations: 8309)
Completed 200 OK in 20ms (Views: 7.8ms | ActiveRecord: 0.8ms | Allocations: 14645)


Started GET "/" for ::1 at 2022-09-22 14:34:28 +0700
Processing by Rails::WelcomeController#index as HTML
  Rendering /Users/moocandygum/.rvm/gems/ruby-3.1.2@wp/gems/railties-7.0.4/lib/rails/templates/rails/welcome/index.html.erb
  Rendered /Users/moocandygum/.rvm/gems/ruby-3.1.2@wp/gems/railties-7.0.4/lib/rails/templates/rails/welcome/index.html.erb (Duration: 0.7ms | Allocations: 302)
Completed 200 OK in 2ms (Views: 1.4ms | ActiveRecord: 0.0ms | Allocations: 1169)


Started GET "/student/1/edit_score" for ::1 at 2022-09-22 14:40:32 +0700
  [1m[36mActiveRecord::SchemaMigration Pluck (0.1ms)[0m  [1m[34mSELECT "schema_migrations"."version" FROM "schema_migrations" ORDER BY "schema_migrations"."version" ASC[0m
Processing by StudentScoreController#edit as HTML
  Parameters: {"id"=>"1"}
  [1m[36mStudent Load (0.2ms)[0m  [1m[34mSELECT "students".* FROM "students"[0m
  ↳ app/controllers/student_score_controller.rb:4:in `edit'
  Rendering layout layouts/application.html.erb
  Rendering student_score/edit.html.erb within layouts/application
  [1m[36mScore Load (0.1ms)[0m  [1m[34mSELECT "scores".* FROM "scores" WHERE "scores"."student_id" = ?[0m  [["student_id", 1]]
  ↳ app/views/student_score/edit.html.erb:10
  Rendered student_score/edit.html.erb within layouts/application (Duration: 6.9ms | Allocations: 12801)
  Rendered layout layouts/application.html.erb (Duration: 7.0ms | Allocations: 12911)
Completed 500 Internal Server Error in 14ms (ActiveRecord: 0.6ms | Allocations: 23793)


  
ActionView::Template::Error (No route matches {:action=>"update", :controller=>"student_score", :id=>"1"}):
    12:             <td><%=s.subject%></td>
    13:             <td><%=s.point%></td>
    14:             <td><%=s.grade%></td>
    15:             <td><%=link_to "edit", controller: "student_score" , action: "update" %>></td>
    16:             
    17:         </tr>
    18:     <%end%>
  
app/views/student_score/edit.html.erb:15
app/views/student_score/edit.html.erb:10
Started GET "/student/1/edit_score" for ::1 at 2022-09-22 14:41:02 +0700
  
ArgumentError (Missing :controller key on routes definition, please check your routes.):
  
config/routes.rb:5:in `block in <main>'
config/routes.rb:1:in `<main>'
Started GET "/student/1/edit_score" for ::1 at 2022-09-22 14:41:03 +0700
Processing by StudentScoreController#edit as HTML
  Parameters: {"id"=>"1"}
  [1m[36mStudent Load (0.0ms)[0m  [1m[34mSELECT "students".* FROM "students"[0m
  ↳ app/controllers/student_score_controller.rb:4:in `edit'
  Rendering layout layouts/application.html.erb
  Rendering student_score/edit.html.erb within layouts/application
  [1m[36mScore Load (0.1ms)[0m  [1m[34mSELECT "scores".* FROM "scores" WHERE "scores"."student_id" = ?[0m  [["student_id", 1]]
  ↳ app/views/student_score/edit.html.erb:10
  Rendered student_score/edit.html.erb within layouts/application (Duration: 5.2ms | Allocations: 6862)
  Rendered layout layouts/application.html.erb (Duration: 5.3ms | Allocations: 6951)
Completed 500 Internal Server Error in 11ms (ActiveRecord: 0.9ms | Allocations: 11538)


  
ActionView::Template::Error (No route matches {:action=>"update", :controller=>"student_score", :id=>"1"}):
    12:             <td><%=s.subject%></td>
    13:             <td><%=s.point%></td>
    14:             <td><%=s.grade%></td>
    15:             <td><%=link_to "edit", controller: "student_score" , action: "update" %>></td>
    16:             
    17:         </tr>
    18:     <%end%>
  
app/views/student_score/edit.html.erb:15
app/views/student_score/edit.html.erb:10
Started GET "/student/1/edit_score" for ::1 at 2022-09-22 14:41:04 +0700
Processing by StudentScoreController#edit as HTML
  Parameters: {"id"=>"1"}
  [1m[36mStudent Load (0.1ms)[0m  [1m[34mSELECT "students".* FROM "students"[0m
  ↳ app/controllers/student_score_controller.rb:4:in `edit'
  Rendering layout layouts/application.html.erb
  Rendering student_score/edit.html.erb within layouts/application
  [1m[36mScore Load (0.1ms)[0m  [1m[34mSELECT "scores".* FROM "scores" WHERE "scores"."student_id" = ?[0m  [["student_id", 1]]
  ↳ app/views/student_score/edit.html.erb:10
  Rendered student_score/edit.html.erb within layouts/application (Duration: 1.9ms | Allocations: 1895)
  Rendered layout layouts/application.html.erb (Duration: 2.0ms | Allocations: 1975)
Completed 500 Internal Server Error in 4ms (ActiveRecord: 0.2ms | Allocations: 2772)


  
ActionView::Template::Error (No route matches {:action=>"update", :controller=>"student_score", :id=>"1"}):
    12:             <td><%=s.subject%></td>
    13:             <td><%=s.point%></td>
    14:             <td><%=s.grade%></td>
    15:             <td><%=link_to "edit", controller: "student_score" , action: "update" %>></td>
    16:             
    17:         </tr>
    18:     <%end%>
  
app/views/student_score/edit.html.erb:15
app/views/student_score/edit.html.erb:10
Started GET "/student/1/edit_score" for ::1 at 2022-09-22 14:41:04 +0700
Processing by StudentScoreController#edit as HTML
  Parameters: {"id"=>"1"}
  [1m[36mStudent Load (0.0ms)[0m  [1m[34mSELECT "students".* FROM "students"[0m
  ↳ app/controllers/student_score_controller.rb:4:in `edit'
  Rendering layout layouts/application.html.erb
  Rendering student_score/edit.html.erb within layouts/application
  [1m[36mScore Load (0.0ms)[0m  [1m[34mSELECT "scores".* FROM "scores" WHERE "scores"."student_id" = ?[0m  [["student_id", 1]]
  ↳ app/views/student_score/edit.html.erb:10
  Rendered student_score/edit.html.erb within layouts/application (Duration: 0.8ms | Allocations: 1894)
  Rendered layout layouts/application.html.erb (Duration: 0.8ms | Allocations: 1974)
Completed 500 Internal Server Error in 2ms (ActiveRecord: 0.1ms | Allocations: 2740)


  
ActionView::Template::Error (No route matches {:action=>"update", :controller=>"student_score", :id=>"1"}):
    12:             <td><%=s.subject%></td>
    13:             <td><%=s.point%></td>
    14:             <td><%=s.grade%></td>
    15:             <td><%=link_to "edit", controller: "student_score" , action: "update" %>></td>
    16:             
    17:         </tr>
    18:     <%end%>
  
app/views/student_score/edit.html.erb:15
app/views/student_score/edit.html.erb:10
Started GET "/student/1/edit_score" for ::1 at 2022-09-22 14:41:05 +0700
Processing by StudentScoreController#edit as HTML
  Parameters: {"id"=>"1"}
  [1m[36mStudent Load (0.1ms)[0m  [1m[34mSELECT "students".* FROM "students"[0m
  ↳ app/controllers/student_score_controller.rb:4:in `edit'
  Rendering layout layouts/application.html.erb
  Rendering student_score/edit.html.erb within layouts/application
  [1m[36mScore Load (0.1ms)[0m  [1m[34mSELECT "scores".* FROM "scores" WHERE "scores"."student_id" = ?[0m  [["student_id", 1]]
  ↳ app/views/student_score/edit.html.erb:10
  Rendered student_score/edit.html.erb within layouts/application (Duration: 2.3ms | Allocations: 1893)
  Rendered layout layouts/application.html.erb (Duration: 2.5ms | Allocations: 1972)
Completed 500 Internal Server Error in 4ms (ActiveRecord: 0.2ms | Allocations: 2730)


  
ActionView::Template::Error (No route matches {:action=>"update", :controller=>"student_score", :id=>"1"}):
    12:             <td><%=s.subject%></td>
    13:             <td><%=s.point%></td>
    14:             <td><%=s.grade%></td>
    15:             <td><%=link_to "edit", controller: "student_score" , action: "update" %>></td>
    16:             
    17:         </tr>
    18:     <%end%>
  
app/views/student_score/edit.html.erb:15
app/views/student_score/edit.html.erb:10
Started GET "/student/1/edit_score" for ::1 at 2022-09-22 14:41:59 +0700
Processing by StudentScoreController#edit as HTML
  Parameters: {"id"=>"1"}
  [1m[36mStudent Load (0.1ms)[0m  [1m[34mSELECT "students".* FROM "students"[0m
  ↳ app/controllers/student_score_controller.rb:4:in `edit'
  Rendering layout layouts/application.html.erb
  Rendering student_score/edit.html.erb within layouts/application
  [1m[36mScore Load (0.1ms)[0m  [1m[34mSELECT "scores".* FROM "scores" WHERE "scores"."student_id" = ?[0m  [["student_id", 1]]
  ↳ app/views/student_score/edit.html.erb:10
  Rendered student_score/edit.html.erb within layouts/application (Duration: 2.8ms | Allocations: 2339)
  Rendered layout layouts/application.html.erb (Duration: 3.0ms | Allocations: 2424)
Completed 500 Internal Server Error in 7ms (ActiveRecord: 0.2ms | Allocations: 3725)


  
ActionView::Template::Error (No route matches {:action=>"update", :controller=>"student_score", :id=>"1"}):
    12:             <td><%=s.subject%></td>
    13:             <td><%=s.point%></td>
    14:             <td><%=s.grade%></td>
    15:             <td><%=link_to "edit", controller: "student_score" , action: "update" %>></td>
    16:             
    17:         </tr>
    18:     <%end%>
  
app/views/student_score/edit.html.erb:15
app/views/student_score/edit.html.erb:10
